<?xml version="1.0" encoding="UTF-8"?>
<testsuite xmlns:xsi="http://www.w3.org/2001/XMLSchema-instance" xsi:noNamespaceSchemaLocation="https://maven.apache.org/surefire/maven-surefire-plugin/xsd/surefire-test-report-3.0.xsd" version="3.0" name="TestSuite" time="30.303" tests="1" errors="0" skipped="0" failures="1">
  <properties>
[...]
</properties>
  <testcase name="loginAttemptTest on [FacebookLoginTest passed=0 failed=0 skipped=0]" classname="testCases.regression.FacebookLoginTest" time="26.066">
    <failure message="Cannot locate an element using xpath=//a[contains(text(), &apos;Forgot Password?&apos;)]&#10;For documentation on this error, please visit: https://www.seleniumhq.org/exceptions/no_such_element.html&#10;Build info: version: &apos;3.141.59&apos;, revision: &apos;e82be7d358&apos;, time: &apos;2018-11-14T08:17:03&apos;&#10;System info: host: &apos;Paresis-MacBook-Air-2.local&apos;, ip: &apos;fe80:0:0:0:1873:dbc1:7763:36db%en0&apos;, os.name: &apos;Mac OS X&apos;, os.arch: &apos;x86_64&apos;, os.version: &apos;10.15&apos;, java.version: &apos;1.8.0_201&apos;&#10;Driver info: driver.version: RemoteWebDriver" type="org.openqa.selenium.NoSuchElementException">org.openqa.selenium.NoSuchElementException: 
Cannot locate an element using xpath=//a[contains(text(), 'Forgot Password?')]
For documentation on this error, please visit: https://www.seleniumhq.org/exceptions/no_such_element.html
Build info: version: '3.141.59', revision: 'e82be7d358', time: '2018-11-14T08:17:03'
System info: host: 'Paresis-MacBook-Air-2.local', ip: 'fe80:0:0:0:1873:dbc1:7763:36db%en0', os.name: 'Mac OS X', os.arch: 'x86_64', os.version: '10.15', java.version: '1.8.0_201'
Driver info: driver.version: RemoteWebDriver
	at testCases.regression.FacebookLoginTest.loginAttemptTest(FacebookLoginTest.java:42)
</failure>
    <system-err><![CDATA[Starting ChromeDriver 77.0.3865.40 (f484704e052e0b556f8030b65b953dce96503217-refs/branch-heads/3865@{#442}) on port 25529
Only local connections are allowed.
Please protect ports used by ChromeDriver and related test frameworks to prevent access by malicious code.
[1573411502.554][WARNING]: This version of ChromeDriver has not been tested with Chrome version 78.
[1573411502.617][WARNING]: This version of ChromeDriver has not been tested with Chrome version 78.
Nov 10, 2019 1:45:03 PM org.openqa.selenium.remote.ProtocolHandshake createSession
INFO: Detected dialect: W3C
[1573411529.178][SEVERE]: Unable to receive message from renderer
]]></system-err>
  </testcase>
</testsuite>